TN:
SF:script/Counter.s.sol
DA:10,0
FN:10,CounterScript.setUp
FNDA:0,CounterScript.setUp
DA:12,0
FN:12,CounterScript.run
FNDA:0,CounterScript.run
DA:13,0
DA:15,0
DA:17,0
FNF:2
FNH:0
LF:5
LH:0
BRF:0
BRH:0
end_of_record
TN:
SF:src/CoWSwapEthFlow.sol
DA:39,0
FN:39,CoWSwapEthFlow.constructor
FNDA:0,CoWSwapEthFlow.constructor
DA:43,0
DA:44,0
DA:46,0
DA:57,0
FN:57,CoWSwapEthFlow.wrapAll
FNDA:0,CoWSwapEthFlow.wrapAll
DA:58,0
DA:62,0
FN:62,CoWSwapEthFlow.wrap
FNDA:0,CoWSwapEthFlow.wrap
DA:66,0
DA:76,0
FN:76,CoWSwapEthFlow.unwrap
FNDA:0,CoWSwapEthFlow.unwrap
DA:77,0
DA:81,0
FN:81,CoWSwapEthFlow.createOrder
FNDA:0,CoWSwapEthFlow.createOrder
DA:86,0
BRDA:86,0,0,-
DA:87,0
DA:90,0
BRDA:90,1,0,-
DA:91,0
DA:95,0
BRDA:95,2,0,-
DA:96,0
DA:99,0
DA:104,0
DA:110,0
DA:115,0
DA:122,0
BRDA:122,3,0,-
DA:123,0
DA:126,0
DA:130,0
FN:130,CoWSwapEthFlow.invalidateOrdersIgnoringNotAllowed
FNDA:0,CoWSwapEthFlow.invalidateOrdersIgnoringNotAllowed
DA:133,0
DA:134,0
DA:139,0
FN:139,CoWSwapEthFlow.invalidateOrder
FNDA:0,CoWSwapEthFlow.invalidateOrder
DA:140,0
DA:149,0
FN:149,CoWSwapEthFlow._invalidateOrder
FNDA:0,CoWSwapEthFlow._invalidateOrder
DA:153,0
DA:156,0
DA:158,0
DA:161,0
DA:163,0
DA:164,0
DA:166,0
BRDA:166,4,0,-
DA:167,0
BRDA:167,5,0,-
BRDA:167,5,1,-
DA:168,0
DA:170,0
DA:174,0
DA:176,0
DA:177,0
DA:184,0
BRDA:184,6,0,-
BRDA:184,6,1,-
DA:186,0
DA:190,0
DA:193,0
DA:207,0
DA:216,0
DA:223,0
DA:230,0
BRDA:230,7,0,-
DA:231,0
DA:233,0
DA:235,0
DA:241,0
DA:244,0
BRDA:244,8,0,-
DA:245,0
DA:250,0
FN:250,CoWSwapEthFlow.isValidSignature
FNDA:0,CoWSwapEthFlow.isValidSignature
DA:258,0
DA:259,0
BRDA:259,9,1,-
DA:260,0
DA:261,0
DA:264,0
BRDA:264,9,0,-
DA:265,0
DA:267,0
FNF:9
FNH:0
LF:65
LH:0
BRF:13
BRH:0
end_of_record
TN:
SF:src/Counter.sol
DA:7,258
FN:7,Counter.setNumber
FNDA:258,Counter.setNumber
DA:8,258
DA:11,1
FN:11,Counter.increment
FNDA:1,Counter.increment
DA:12,1
FNF:2
FNH:2
LF:4
LH:4
BRF:0
BRH:0
end_of_record
TN:
SF:src/OrderFlow.sol
DA:39,283
FN:39,OrderFlow.constructor
FNDA:283,OrderFlow.constructor
DA:43,283
DA:44,283
DA:46,283
DA:53,284
FN:53,OrderFlow.createOrder
FNDA:284,OrderFlow.createOrder
DA:57,1
BRDA:57,0,0,1
DA:58,1
DA:61,283
BRDA:61,1,0,1
DA:62,1
DA:66,282
BRDA:66,2,0,1
DA:67,1
DA:70,281
BRDA:70,3,0,1
DA:71,1
DA:74,280
BRDA:74,4,0,257
DA:75,257
DA:78,23
DA:83,23
DA:88,23
DA:93,23
DA:100,21
BRDA:100,5,0,-
DA:101,0
DA:104,21
DA:105,21
DA:109,10
FN:109,OrderFlow.invalidateOrder
FNDA:10,OrderFlow.invalidateOrder
DA:110,10
DA:111,10
DA:113,10
DA:116,10
DA:118,10
DA:119,9
DA:121,2
BRDA:121,6,0,2
DA:122,2
DA:125,8
DA:127,8
DA:128,8
DA:135,6
BRDA:135,7,0,6
BRDA:135,7,1,2
DA:136,6
DA:138,2
DA:141,8
DA:143,8
DA:145,8
DA:149,8
DA:155,8
DA:156,8
BRDA:156,8,0,-
DA:157,0
DA:162,5
FN:162,OrderFlow.isValidSignature
FNDA:5,OrderFlow.isValidSignature
DA:168,5
DA:169,5
BRDA:169,9,1,3
DA:170,5
DA:171,4
DA:174,2
BRDA:174,9,0,2
DA:175,2
DA:177,3
FNF:4
FNH:4
LF:53
LH:51
BRF:12
BRH:10
end_of_record
TN:
SF:src/OrderFlowFactory.sol
DA:18,33
FN:18,OrderFlowFactory.constructor
FNDA:33,OrderFlowFactory.constructor
DA:19,33
DA:23,25
FN:23,OrderFlowFactory.triggerOrderCreation
FNDA:25,OrderFlowFactory.triggerOrderCreation
DA:27,25
DA:29,25
DA:34,24
DA:35,19
DA:39,29
FN:39,OrderFlowFactory.getOrderFlowAddress
FNDA:29,OrderFlowFactory.getOrderFlowAddress
DA:44,29
DA:51,29
DA:68,552
FN:68,OrderFlowFactory.computeSalt
FNDA:552,OrderFlowFactory.computeSalt
DA:73,577
FNF:4
FNH:4
LF:12
LH:12
BRF:0
BRH:0
end_of_record
TN:
SF:src/libraries/CoWSwapEip712.sol
DA:27,283
FN:27,CoWSwapEip712.domainSeparator
FNDA:283,CoWSwapEip712.domainSeparator
DA:33,283
DA:36,283
DA:39,283
DA:40,283
FNF:1
FNH:1
LF:5
LH:5
BRF:0
BRH:0
end_of_record
TN:
SF:src/libraries/EthFlowOrder.sol
DA:63,0
FN:63,EthFlowOrder.toCoWSwapOrder
FNDA:0,EthFlowOrder.toCoWSwapOrder
DA:68,0
BRDA:68,0,0,-
DA:74,0
DA:79,0
DA:80,0
FNF:1
FNH:0
LF:5
LH:0
BRF:1
BRH:0
end_of_record
TN:
SF:src/libraries/OrderFlowOrder.sol
DA:64,37
FN:64,OrderFlowOrder.toCoWSwapOrder
FNDA:37,OrderFlowOrder.toCoWSwapOrder
DA:69,37
BRDA:69,0,0,2
DA:70,2
DA:73,35
DA:74,35
FNF:1
FNH:1
LF:5
LH:5
BRF:1
BRH:1
end_of_record
TN:
SF:src/mixins/CoWSwapOnchainOrders.sol
DA:19,283
FN:19,CoWSwapOnchainOrders.constructor
FNDA:283,CoWSwapOnchainOrders.constructor
DA:20,283
DA:30,21
FN:30,CoWSwapOnchainOrders.broadcastOrder
FNDA:21,CoWSwapOnchainOrders.broadcastOrder
DA:36,21
DA:37,21
FNF:2
FNH:2
LF:5
LH:5
BRF:0
BRH:0
end_of_record
TN:
SF:src/vendored/GPv2Order.sol
DA:117,0
FN:117,GPv2Order.actualReceiver
FNDA:0,GPv2Order.actualReceiver
DA:121,0
BRDA:121,0,0,-
BRDA:121,0,1,-
DA:122,0
DA:124,0
DA:133,33
FN:133,GPv2Order.hash
FNDA:33,GPv2Order.hash
DA:137,33
DA:145,33
DA:146,33
DA:147,33
DA:148,33
DA:149,33
DA:159,33
DA:160,33
DA:161,33
DA:162,33
DA:163,33
DA:178,9
FN:178,GPv2Order.packOrderUidParams
FNDA:9,GPv2Order.packOrderUidParams
DA:184,9
BRDA:184,1,0,-
BRDA:184,1,1,9
DA:208,9
DA:209,9
DA:210,9
DA:226,0
FN:226,GPv2Order.extractOrderUidParams
FNDA:0,GPv2Order.extractOrderUidParams
DA:233,0
BRDA:233,2,0,-
BRDA:233,2,1,-
DA:238,0
DA:239,0
DA:240,0
FNF:4
FNH:2
LF:26
LH:17
BRF:6
BRH:1
end_of_record
TN:
SF:test/OrderFlow.t.sol
DA:19,33
FN:19,MockSettlement.constructor
FNDA:33,MockSettlement.constructor
DA:20,33
DA:23,8
FN:23,MockSettlement.filledAmount
FNDA:8,MockSettlement.filledAmount
DA:24,8
DA:27,283
FN:27,MockSettlement.vaultRelayer
FNDA:283,MockSettlement.vaultRelayer
DA:28,283
DA:31,1
FN:31,MockSettlement.setFilledAmount
FNDA:1,MockSettlement.setFilledAmount
DA:32,1
DA:44,284
FN:44,MockERC20.mint
FNDA:284,MockERC20.mint
DA:45,284
DA:46,284
DA:47,284
DA:50,8
FN:50,MockERC20.transfer
FNDA:8,MockERC20.transfer
DA:51,8
BRDA:51,0,0,-
BRDA:51,0,1,8
DA:52,8
DA:53,8
DA:54,8
DA:55,8
DA:58,283
FN:58,MockERC20.approve
FNDA:283,MockERC20.approve
DA:59,283
DA:60,283
DA:61,283
DA:64,0
FN:64,MockERC20.transferFrom
FNDA:0,MockERC20.transferFrom
DA:65,0
BRDA:65,1,0,-
BRDA:65,1,1,-
DA:66,0
BRDA:66,2,0,-
BRDA:66,2,1,-
DA:67,0
DA:68,0
DA:69,0
DA:70,0
DA:71,0
FNF:8
FNH:7
LF:30
LH:22
BRF:6
BRH:1
end_of_record
